
Circuit 2 cell roinverter is a black box; will not flatten Circuit 1
Warning: Equate pins:  cell roinverter is a placeholder, treated as a black box.

Subcircuit pins:
Circuit 1: roinverter                      |Circuit 2: roinverter                      
-------------------------------------------|-------------------------------------------
(no matching pin)                          |1                                          
(no matching pin)                          |2                                          
(no matching pin)                          |3                                          
(no matching pin)                          |4                                          
---------------------------------------------------------------------------------------
Cell pin lists are equivalent.
Device classes roinverter and roinverter are equivalent.

Subcircuit summary:
Circuit 1: ro                              |Circuit 2: ro                              
-------------------------------------------|-------------------------------------------
roinverter (1)                             |roinverter (3) **Mismatch**                
Number of devices: 1 **Mismatch**          |Number of devices: 3 **Mismatch**          
Number of nets: 8 **Mismatch**             |Number of nets: 17 **Mismatch**            
---------------------------------------------------------------------------------------
NET mismatches: Class fragments follow (with fanout counts):
Circuit 1: ro                              |Circuit 2: ro                              

---------------------------------------------------------------------------------------
Net: roinverter_0/vdd                      |Net: dummy_15                              
  roinverter/vdd = 1                       |  roinverter/proxyin = 1                   
                                           |                                           
Net: roinverter_0/in                       |Net: dummy_10                              
  roinverter/in = 1                        |  roinverter/proxyvdd = 1                  
                                           |                                           
Net: roinverter_0/out                      |Net: dummy_14                              
  roinverter/out = 1                       |  roinverter/proxyvdd = 1                  
                                           |                                           
Net: (no pins)                             |Net: dummy_12                              
  roinverter/VSUBS = 1                     |  roinverter/proxyout = 1                  
                                           |                                           
Net: dummy_5                               |Net: dummy_11                              
  roinverter/proxy1 = 1                    |  roinverter/proxyin = 1                   
                                           |                                           
Net: dummy_6                               |Net: dummy_6                               
  roinverter/proxy2 = 1                    |  roinverter/proxyvdd = 1                  
                                           |                                           
Net: dummy_7                               |Net: dummy_7                               
  roinverter/proxy3 = 1                    |  roinverter/proxyin = 1                   
                                           |                                           
Net: dummy_8                               |Net: dummy_8                               
  roinverter/proxy4 = 1                    |  roinverter/proxyout = 1                  
                                           |                                           
(no matching net)                          |Net: dummy_16                              
                                           |  roinverter/proxyout = 1                  
                                           |                                           
(no matching net)                          |Net: dummy_9                               
                                           |  roinverter/proxyVSUBS = 1                
                                           |                                           
(no matching net)                          |Net: dummy_13                              
                                           |  roinverter/proxyVSUBS = 1                
                                           |                                           
(no matching net)                          |Net: dummy_17                              
                                           |  roinverter/proxyVSUBS = 1                
                                           |                                           
(no matching net)                          |Net: vdd                                   
                                           |  roinverter/1 = 3                         
                                           |                                           
(no matching net)                          |Net: gnd                                   
                                           |  roinverter/4 = 3                         
                                           |                                           
(no matching net)                          |Net: net1                                  
                                           |  roinverter/2 = 1                         
                                           |  roinverter/3 = 1                         
                                           |                                           
(no matching net)                          |Net: net2                                  
                                           |  roinverter/3 = 1                         
                                           |  roinverter/2 = 1                         
                                           |                                           
(no matching net)                          |Net: out                                   
                                           |  roinverter/3 = 1                         
                                           |  roinverter/2 = 1                         
---------------------------------------------------------------------------------------
DEVICE mismatches: Class fragments follow (with node fanout counts):
Circuit 1: ro                              |Circuit 2: ro                              

---------------------------------------------------------------------------------------
Instance: roinverter_0                     |Instance: roinverter:1                     
  vdd = 1                                  |  proxyvdd = 1                             
  in = 1                                   |  proxyin = 1                              
  out = 1                                  |  proxyout = 1                             
  VSUBS = 1                                |  proxyVSUBS = 1                           
  proxy1 = 1                               |  1 = 3                                    
  proxy2 = 1                               |  2 = 2                                    
  proxy3 = 1                               |  3 = 2                                    
  proxy4 = 1                               |  4 = 3                                    
                                           |                                           
(no matching instance)                     |Instance: roinverter:2                     
                                           |  proxyvdd = 1                             
                                           |  proxyin = 1                              
                                           |  proxyout = 1                             
                                           |  proxyVSUBS = 1                           
                                           |  1 = 3                                    
                                           |  2 = 2                                    
                                           |  3 = 2                                    
                                           |  4 = 3                                    
                                           |                                           
(no matching instance)                     |Instance: roinverter:3                     
                                           |  proxyvdd = 1                             
                                           |  proxyin = 1                              
                                           |  proxyout = 1                             
                                           |  proxyVSUBS = 1                           
                                           |  1 = 3                                    
                                           |  2 = 2                                    
                                           |  3 = 2                                    
                                           |  4 = 3                                    
---------------------------------------------------------------------------------------
Netlists do not match.
Port matching may fail to disambiguate symmetries.

Subcircuit pins:
Circuit 1: ro                              |Circuit 2: ro                              
-------------------------------------------|-------------------------------------------
(no matching pin)                          |vdd                                        
(no matching pin)                          |out                                        
(no matching pin)                          |gnd                                        
---------------------------------------------------------------------------------------
Cell pin lists for ro and ro altered to match.
Device classes ro and ro are equivalent.

Final result: Top level cell failed pin matching.
