Netgen 1.5.282 compiled on Mon Oct 14 15:17:46 WIB 2024
Warning: netgen command 'format' use fully-qualified name '::netgen::format'
Warning: netgen command 'global' use fully-qualified name '::netgen::global'
Reading netlist file /home/muqtada/inverter/mag/ro.ext.spc
Call to undefined subcircuit sky130_fd_pr__nfet_01v8
Creating placeholder cell definition.
Call to undefined subcircuit sky130_fd_pr__pfet_01v8
Creating placeholder cell definition.
Reading netlist file /home/muqtada/inverter/mag/ro.sch.spc
Call to undefined subcircuit roinverter
Creating placeholder cell definition.

Reading setup file /home/muqtada/pdk/sky130A/libs.tech/netgen/sky130A_setup.tcl

Model sky130_fd_pr__nfet_01v8 pin 1 == 3
No property mult found for device sky130_fd_pr__nfet_01v8
No property sa found for device sky130_fd_pr__nfet_01v8
No property sb found for device sky130_fd_pr__nfet_01v8
No property sd found for device sky130_fd_pr__nfet_01v8
No property nf found for device sky130_fd_pr__nfet_01v8
No property nrd found for device sky130_fd_pr__nfet_01v8
No property nrs found for device sky130_fd_pr__nfet_01v8
No property area found for device sky130_fd_pr__nfet_01v8
No property perim found for device sky130_fd_pr__nfet_01v8
No property topography found for device sky130_fd_pr__nfet_01v8
Model sky130_fd_pr__pfet_01v8 pin 1 == 3
No property mult found for device sky130_fd_pr__pfet_01v8
No property sa found for device sky130_fd_pr__pfet_01v8
No property sb found for device sky130_fd_pr__pfet_01v8
No property sd found for device sky130_fd_pr__pfet_01v8
No property nf found for device sky130_fd_pr__pfet_01v8
No property nrd found for device sky130_fd_pr__pfet_01v8
No property nrs found for device sky130_fd_pr__pfet_01v8
No property area found for device sky130_fd_pr__pfet_01v8
No property perim found for device sky130_fd_pr__pfet_01v8
No property topography found for device sky130_fd_pr__pfet_01v8
Comparison output logged to file /home/muqtada/inverter/mag/ro.lvs.out
Logging to file "/home/muqtada/inverter/mag/ro.lvs.out" enabled
Circuit roinverter contains no devices.

Contents of circuit 1:  Circuit: 'ro'
Circuit ro contains 1 device instances.
  Class: roinverter            instances:   1
Circuit contains 8 nets.
Contents of circuit 2:  Circuit: 'ro'
Circuit ro contains 3 device instances.
  Class: roinverter            instances:   3
Circuit contains 17 nets.

Circuit 1 contains 1 devices, Circuit 2 contains 3 devices. *** MISMATCH ***
Circuit 1 contains 8 nets,    Circuit 2 contains 17 nets. *** MISMATCH ***


Final result: 
Top level cell failed pin matching.

Logging to file "/home/muqtada/inverter/mag/ro.lvs.out" disabled
LVS Done.
