
Circuit 1 cell sky130_fd_pr__pfet_01v8 and Circuit 2 cell sky130_fd_pr__pfet_01v8 are black boxes.
Warning: Equate pins:  cell sky130_fd_pr__pfet_01v8 is a placeholder, treated as a black box.
Warning: Equate pins:  cell sky130_fd_pr__pfet_01v8 is a placeholder, treated as a black box.

Subcircuit pins:
Circuit 1: sky130_fd_pr__pfet_01v8         |Circuit 2: sky130_fd_pr__pfet_01v8         
-------------------------------------------|-------------------------------------------
1                                          |1                                          
2                                          |2                                          
3                                          |3                                          
4                                          |4                                          
---------------------------------------------------------------------------------------
Cell pin lists are equivalent.
Device classes sky130_fd_pr__pfet_01v8 and sky130_fd_pr__pfet_01v8 are equivalent.

Circuit 1 cell sky130_fd_pr__nfet_01v8 and Circuit 2 cell sky130_fd_pr__nfet_01v8 are black boxes.
Warning: Equate pins:  cell sky130_fd_pr__nfet_01v8 is a placeholder, treated as a black box.
Warning: Equate pins:  cell sky130_fd_pr__nfet_01v8 is a placeholder, treated as a black box.

Subcircuit pins:
Circuit 1: sky130_fd_pr__nfet_01v8         |Circuit 2: sky130_fd_pr__nfet_01v8         
-------------------------------------------|-------------------------------------------
1                                          |1                                          
2                                          |2                                          
3                                          |3                                          
4                                          |4                                          
---------------------------------------------------------------------------------------
Cell pin lists are equivalent.
Device classes sky130_fd_pr__nfet_01v8 and sky130_fd_pr__nfet_01v8 are equivalent.
Flattening unmatched subcell pmoscs in circuit opamp (0)(1 instance)
Flattening unmatched subcell sky130_fd_pr__pfet_01v8_2ZH9EN in circuit opamp (0)(8 instances)
Flattening unmatched subcell sky130_fd_pr__pfet_01v8_SDE6B7 in circuit opamp (0)(4 instances)
Flattening unmatched subcell pmos67 in circuit opamp (0)(1 instance)
Flattening unmatched subcell sky130_fd_pr__pfet_01v8_2XUZHN in circuit opamp (0)(8 instances)
Flattening unmatched subcell sky130_fd_pr__pfet_01v8_VQXX5L in circuit opamp (0)(4 instances)
Flattening unmatched subcell nmos89 in circuit opamp (0)(1 instance)
Flattening unmatched subcell sky130_fd_pr__nfet_01v8_6H9P4D in circuit opamp (0)(4 instances)
Flattening unmatched subcell sky130_fd_pr__nfet_01v8_DXNGNZ in circuit opamp (0)(2 instances)
Flattening unmatched subcell nmoscs in circuit opamp (0)(1 instance)
Flattening unmatched subcell sky130_fd_pr__nfet_01v8_46AAJJ in circuit opamp (0)(4 instances)
Flattening unmatched subcell sky130_fd_pr__nfet_01v8_LGC7FM in circuit opamp (0)(4 instances)

Class opamp (0):  Merged 33 parallel devices.
Class opamp (1):  Merged 1 parallel devices.
Subcircuit summary:
Circuit 1: opamp                           |Circuit 2: opamp                           
-------------------------------------------|-------------------------------------------
sky130_fd_pr__pfet_01v8 (32->11)           |sky130_fd_pr__pfet_01v8 (32->11)           
sky130_fd_pr__nfet_01v8 (20->8)            |sky130_fd_pr__nfet_01v8 (20->8)            
Number of devices: 19                      |Number of devices: 19                      
Number of nets: 10 **Mismatch**            |Number of nets: 19 **Mismatch**            
---------------------------------------------------------------------------------------
NET mismatches: Class fragments follow (with fanout counts):
Circuit 1: opamp                           |Circuit 2: opamp                           

---------------------------------------------------------------------------------------
Net: pmoscs_0/D5                           |Net: GND                                   
  sky130_fd_pr__pfet_01v8/(1|3) = 5        |  sky130_fd_pr__nfet_01v8/(1|3) = 3        
  sky130_fd_pr__pfet_01v8/2 = 1            |  sky130_fd_pr__nfet_01v8/4 = 7            
                                           |                                           
Net: pmoscs_0/D1                           |Net: RS                                    
  sky130_fd_pr__pfet_01v8/(1|3) = 3        |  sky130_fd_pr__nfet_01v8/(1|3) = 1        
  sky130_fd_pr__pfet_01v8/2 = 1            |                                           
  sky130_fd_pr__nfet_01v8/2 = 3            |                                           
  sky130_fd_pr__nfet_01v8/(1|3) = 3        |                                           
                                           |                                           
Net: pmos67_0/D6                           |Net: net7                                  
  sky130_fd_pr__pfet_01v8/(1|3) = 3        |  sky130_fd_pr__nfet_01v8/(1|3) = 1        
  sky130_fd_pr__pfet_01v8/2 = 1            |                                           
  sky130_fd_pr__nfet_01v8/2 = 3            |                                           
  sky130_fd_pr__nfet_01v8/(1|3) = 3        |                                           
                                           |                                           
Net: pmoscs_0/D2                           |Net: net5                                  
  sky130_fd_pr__pfet_01v8/(1|3) = 3        |  sky130_fd_pr__nfet_01v8/4 = 1            
  sky130_fd_pr__pfet_01v8/2 = 4            |                                           
  sky130_fd_pr__nfet_01v8/(1|3) = 3        |                                           
  sky130_fd_pr__nfet_01v8/2 = 1            |                                           
                                           |                                           
Net: VSUBS                                 |Net: net2                                  
  sky130_fd_pr__nfet_01v8/4 = 8            |  sky130_fd_pr__nfet_01v8/(1|3) = 1        
  sky130_fd_pr__nfet_01v8/(1|3) = 3        |  sky130_fd_pr__nfet_01v8/2 = 2            
                                           |  sky130_fd_pr__pfet_01v8/(1|3) = 1        
                                           |                                           
Net: (no pins)                             |Net: net3                                  
  sky130_fd_pr__nfet_01v8/(1|3) = 1        |  sky130_fd_pr__nfet_01v8/(1|3) = 1        
                                           |  sky130_fd_pr__nfet_01v8/2 = 2            
                                           |  sky130_fd_pr__pfet_01v8/(1|3) = 1        
                                           |                                           
(no matching net)                          |Net: net1                                  
                                           |  sky130_fd_pr__nfet_01v8/(1|3) = 1        
                                           |  sky130_fd_pr__pfet_01v8/2 = 3            
                                           |  sky130_fd_pr__pfet_01v8/(1|3) = 1        
                                           |                                           
(no matching net)                          |Net: net4                                  
                                           |  sky130_fd_pr__pfet_01v8/(1|3) = 3        
                                           |                                           
(no matching net)                          |Net: D6                                    
                                           |  sky130_fd_pr__pfet_01v8/(1|3) = 2        
                                           |  sky130_fd_pr__pfet_01v8/2 = 1            
                                           |                                           
(no matching net)                          |Net: D1                                    
                                           |  sky130_fd_pr__pfet_01v8/(1|3) = 2        
                                           |  sky130_fd_pr__pfet_01v8/2 = 1            
                                           |                                           
(no matching net)                          |Net: D2                                    
                                           |  sky130_fd_pr__pfet_01v8/(1|3) = 2        
                                           |  sky130_fd_pr__pfet_01v8/2 = 1            
                                           |                                           
(no matching net)                          |Net: D5                                    
                                           |  sky130_fd_pr__pfet_01v8/(1|3) = 2        
                                           |  sky130_fd_pr__pfet_01v8/2 = 1            
                                           |                                           
(no matching net)                          |Net: D3                                    
                                           |  sky130_fd_pr__nfet_01v8/(1|3) = 2        
                                           |  sky130_fd_pr__nfet_01v8/2 = 1            
                                           |                                           
(no matching net)                          |Net: D4                                    
                                           |  sky130_fd_pr__nfet_01v8/(1|3) = 2        
                                           |  sky130_fd_pr__nfet_01v8/2 = 1            
                                           |                                           
(no matching net)                          |Net: D8                                    
                                           |  sky130_fd_pr__nfet_01v8/(1|3) = 1        
                                           |  sky130_fd_pr__nfet_01v8/2 = 1            
---------------------------------------------------------------------------------------
Netlists do not match.
Port matching may fail to disambiguate symmetries.

Subcircuit pins:
Circuit 1: opamp                           |Circuit 2: opamp                           
-------------------------------------------|-------------------------------------------
(no matching pin)                          |VIN                                        
(no matching pin)                          |VIP                                        
(no matching pin)                          |GND                                        
(no matching pin)                          |RS                                         
(no matching pin)                          |OUT                                        
(no matching pin)                          |VDD                                        
---------------------------------------------------------------------------------------
Cell pin lists for opamp and opamp altered to match.
Device classes opamp and opamp are equivalent.

Final result: Top level cell failed pin matching.
